09:39:19  INFO      ==================================================
09:39:19  INFO      🚀 Altcoin Analyzer Bot v2 khởi động!
09:39:19  INFO         Coins: BTCUSDT, ETHUSDT, BNBUSDT, SOLUSDT, ADAUSDT, DOTUSDT, AVAXUSDT, LINKUSDT, MATICUSDT, ARBUSDT
09:39:19  INFO         TF: 1h  |  Quét mỗi 300s
09:39:19  INFO      ==================================================
09:39:19  WARNING   Telegram chưa cấu hình
09:39:19  INFO      🔍 Quét 10 coins [1h]…
09:39:20  INFO        BTCUSDT       ⚪ TRUNG TÍNH — CHỜ  (+0)
09:39:20  INFO        ETHUSDT       ⚪ TRUNG TÍNH — CHỜ  (+0)
09:39:21  INFO        BNBUSDT       🔵 TĂNG NHẸ  (+1)
09:39:22  INFO        SOLUSDT       🟤 GIẢM NHẸ  (-1)
09:39:23  INFO        ADAUSDT       🟤 GIẢM NHẸ  (-1)
09:39:24  INFO        DOTUSDT       🟤 GIẢM NHẸ  (-1)
09:39:25  INFO        AVAXUSDT      🔵 TĂNG NHẸ  (+1)
09:39:25  INFO        LINKUSDT      🟠 CÓ THỂ BÁN  (-2)
09:39:26  INFO        MATICUSDT     ⚪ TRUNG TÍNH — CHỜ  (+0)
09:39:27  INFO        ARBUSDT       🟤 GIẢM NHẸ  (-1)
09:39:28  INFO      ✅ Xong.

09:39:28  INFO      😴 Chờ 300s…
09:44:28  INFO      🔍 Quét 10 coins [1h]…
09:44:28  INFO        BTCUSDT       ⚪ TRUNG TÍNH — CHỜ  (+0)
09:44:29  INFO        ETHUSDT       ⚪ TRUNG TÍNH — CHỜ  (+0)
09:44:30  INFO        BNBUSDT       🔵 TĂNG NHẸ  (+1)
09:44:31  INFO        SOLUSDT       🟤 GIẢM NHẸ  (-1)
09:44:32  INFO        ADAUSDT       🟤 GIẢM NHẸ  (-1)
09:44:33  INFO        DOTUSDT       🟤 GIẢM NHẸ  (-1)
09:44:33  INFO        AVAXUSDT      🔵 TĂNG NHẸ  (+1)
09:44:34  INFO        LINKUSDT      🟠 CÓ THỂ BÁN  (-2)
09:44:35  INFO        MATICUSDT     ⚪ TRUNG TÍNH — CHỜ  (+0)
09:44:36  INFO        ARBUSDT       🟤 GIẢM NHẸ  (-1)
09:44:37  INFO      ✅ Xong.

09:44:37  INFO      😴 Chờ 300s…
